{"name": "test_employee_sales", "status": "failed", "statusDetails": {"message": "AssertionError: assert False", "trace": "@allure.feature('Employee sales in country')\n    @allure.description('search for number of sales of an employee, add a sale and validate sales increased by 1')\n    def test_employee_sales():\n>       test.employee_sales_in_country('France', 'barton ramirez', 'Gill Norris', None, None, 'sold')\n\ntests\\test_analytics.py:47: \n_ _ _ _ _ _ _ _ _ _ _ _ _ _ _ _ _ _ _ _ _ _ _ _ _ _ _ _ _ _ _ _ _ _ _ _ _ _ _ _ _ _ _ _ _ _ _ _ _ _ _ _ _ _ _ _ _ _ _ _ _ _ _ _ _ _ _ _ _ _ _ _ _ _ _ _ _ _ _ _ _ _ _ _ _ _ _ _ _ _ _ _ _ _ \n\nself = <test_analytics.Test_analytics object at 0x044645B0>, country = 'France', employee_name = 'barton ramirez', client_name = 'Gill Norris', transfer_owner = None, email_type = None\nsold = 'sold'\n\n    @allure.title('Employee sales')\n    @allure.description('Insert country and check for employee sales of a certain employee in that country, then add '\n                        'a sale to that employee and validate if sales increased by 1')\n    @allure.severity(allure.severity_level.NORMAL)\n    def employee_sales_in_country(self, country, employee_name, client_name, transfer_owner=None, email_type=None,\n                                  sold=None):\n        self.homePage.navigate_to_homePage()\n        self.homePage.click_nav('analytics')\n        sales_before = self.analyticsPage.employee_sales_in_country(country, employee_name)\n        self.homePage.click_nav('actions')\n        self.actionsPage.update_client(client_name, transfer_owner, email_type, sold)\n        self.homePage.click_nav('analytics')\n        sales_after = self.analyticsPage.employee_sales_in_country(country, employee_name)\n        if sales_after == sales_before + 1:\n            print(f'Validation succeeded: the number of sales of {employee_name} increased by 1.'\n                  f' It was {sales_before}, and after the change it is {sales_after}')\n            assert True\n        else:\n            print(f'Validation failed: the number of sales of {employee_name} didn\\'t increase by 1.'\n                  f' It was' f' {sales_before} and after the change it is: {sales_after}.'\n                  f' Make sure to verify 3 Pre-Requisites:\\nClient\\'s country is {country}; '\n                  f'\\nClient\\'s owner is {employee_name}; \\nClient\\'s \"Sold\" is \"NO\"')\n>           assert False\nE           assert False\n\ntests\\test_analytics.py:38: AssertionError"}, "description": "search for number of sales of an employee, add a sale and validate sales increased by 1", "attachments": [{"name": "stdout", "source": "3f22d7d0-0bde-4aea-a8ed-b83f428a8d50-attachment.txt", "type": "text/plain"}], "start": 1577142984791, "stop": 1577142993915, "uuid": "997e52d6-f85a-42be-9423-e88677848b63", "historyId": "b3de92a676fefd988020e227822ceed3", "testCaseId": "cbb7b62602358164dc451e51bfd3a912", "fullName": "tests.test_analytics#test_employee_sales", "labels": [{"name": "feature", "value": "Employee sales in country"}, {"name": "parentSuite", "value": "tests"}, {"name": "suite", "value": "test_analytics"}, {"name": "host", "value": "DESKTOP-AFG0TDP"}, {"name": "thread", "value": "27560-MainThread"}, {"name": "framework", "value": "pytest"}, {"name": "language", "value": "cpython3"}, {"name": "package", "value": "tests.test_analytics"}]}